{"/Users/timothywalters/Documents/GitHub/SD-Manager/public/public/tests/tests.js": {"path":"/Users/timothywalters/Documents/GitHub/SD-Manager/public/public/tests/tests.js","statementMap":{"0":{"start":{"line":1,"column":0},"end":{"line":3,"column":1}},"1":{"start":{"line":2,"column":4},"end":{"line":2,"column":15}}},"fnMap":{"0":{"name":"(anonymous_0)","decl":{"start":{"line":1,"column":14},"end":{"line":1,"column":15}},"loc":{"start":{"line":1,"column":24},"end":{"line":3,"column":1}},"line":1}},"branchMap":{},"s":{"0":1,"1":1},"f":{"0":1},"b":{},"_coverageSchema":"1a1c01bbd47fc00a2c39e90264f33305004495a9","hash":"e33657e6ac9d3b77172dc1ec7b945ba938c47f1a"}
}
