{"/Users/timothywalters/Documents/GitHub/SD-Manager/functions/tests.js":{"path":"/Users/timothywalters/Documents/GitHub/SD-Manager/functions/tests.js","s":{"1":1,"2":1,"3":1,"4":2,"5":1,"6":1,"7":1,"8":1,"9":1,"10":1,"11":1,"12":0,"13":1},"b":{},"f":{"1":2,"2":1},"fnMap":{"1":{"name":"signInTest","line":4,"loc":{"start":{"line":4,"column":0},"end":{"line":4,"column":37}}},"2":{"name":"signUpTest","line":8,"loc":{"start":{"line":8,"column":0},"end":{"line":8,"column":37}}}},"statementMap":{"1":{"start":{"line":1,"column":0},"end":{"line":1,"column":10}},"2":{"start":{"line":2,"column":0},"end":{"line":2,"column":13}},"3":{"start":{"line":4,"column":0},"end":{"line":6,"column":1}},"4":{"start":{"line":5,"column":4},"end":{"line":5,"column":26}},"5":{"start":{"line":8,"column":0},"end":{"line":10,"column":1}},"6":{"start":{"line":9,"column":4},"end":{"line":9,"column":26}},"7":{"start":{"line":11,"column":0},"end":{"line":11,"column":58}},"8":{"start":{"line":12,"column":0},"end":{"line":12,"column":58}},"9":{"start":{"line":14,"column":0},"end":{"line":14,"column":55}},"10":{"start":{"line":14,"column":28},"end":{"line":14,"column":54}},"11":{"start":{"line":15,"column":0},"end":{"line":15,"column":55}},"12":{"start":{"line":15,"column":28},"end":{"line":15,"column":54}},"13":{"start":{"line":17,"column":0},"end":{"line":17,"column":39}}},"branchMap":{}}}