{"/Users/timothywalters/Documents/GitHub/SD-Manager/functions/firebase/tests.js":{"path":"/Users/timothywalters/Documents/GitHub/SD-Manager/functions/firebase/tests.js","s":{"1":1,"2":1,"3":1,"4":1,"5":1,"6":1,"7":1,"8":2,"9":1,"10":1,"11":1,"12":1,"13":1,"14":1,"15":1,"16":1,"17":1,"18":1,"19":1,"20":1,"21":1,"22":1,"23":1,"24":1,"25":1,"26":1,"27":1,"28":1,"29":1,"30":2,"31":1,"32":1,"33":1,"34":1,"35":1,"36":1,"37":1,"38":1,"39":1,"40":1,"41":1,"42":1,"43":1,"44":1,"45":1,"46":1,"47":1},"b":{},"f":{"1":1,"2":1,"3":2,"4":1,"5":1,"6":1,"7":1,"8":1,"9":1,"10":1,"11":1},"fnMap":{"1":{"name":"signInTest","line":4,"loc":{"start":{"line":4,"column":0},"end":{"line":4,"column":37}}},"2":{"name":"createUser","line":8,"loc":{"start":{"line":8,"column":0},"end":{"line":8,"column":37}}},"3":{"name":"createProject","line":11,"loc":{"start":{"line":11,"column":0},"end":{"line":11,"column":40}}},"4":{"name":"getProjects","line":14,"loc":{"start":{"line":14,"column":0},"end":{"line":14,"column":38}}},"5":{"name":"addMemberToProject","line":17,"loc":{"start":{"line":17,"column":0},"end":{"line":17,"column":45}}},"6":{"name":"addSprint","line":20,"loc":{"start":{"line":20,"column":0},"end":{"line":20,"column":36}}},"7":{"name":"getSprints","line":23,"loc":{"start":{"line":23,"column":0},"end":{"line":23,"column":37}}},"8":{"name":"createUserStory","line":26,"loc":{"start":{"line":26,"column":0},"end":{"line":26,"column":42}}},"9":{"name":"getUserStories","line":29,"loc":{"start":{"line":29,"column":0},"end":{"line":29,"column":41}}},"10":{"name":"createTask","line":32,"loc":{"start":{"line":32,"column":0},"end":{"line":32,"column":37}}},"11":{"name":"getTasks","line":35,"loc":{"start":{"line":35,"column":0},"end":{"line":35,"column":35}}}},"statementMap":{"1":{"start":{"line":1,"column":0},"end":{"line":1,"column":10}},"2":{"start":{"line":2,"column":0},"end":{"line":2,"column":13}},"3":{"start":{"line":4,"column":0},"end":{"line":6,"column":1}},"4":{"start":{"line":5,"column":4},"end":{"line":5,"column":26}},"5":{"start":{"line":8,"column":0},"end":{"line":10,"column":1}},"6":{"start":{"line":9,"column":4},"end":{"line":9,"column":13}},"7":{"start":{"line":11,"column":0},"end":{"line":13,"column":1}},"8":{"start":{"line":12,"column":4},"end":{"line":12,"column":13}},"9":{"start":{"line":14,"column":0},"end":{"line":16,"column":1}},"10":{"start":{"line":15,"column":4},"end":{"line":15,"column":13}},"11":{"start":{"line":17,"column":0},"end":{"line":19,"column":1}},"12":{"start":{"line":18,"column":4},"end":{"line":18,"column":13}},"13":{"start":{"line":20,"column":0},"end":{"line":22,"column":1}},"14":{"start":{"line":21,"column":4},"end":{"line":21,"column":13}},"15":{"start":{"line":23,"column":0},"end":{"line":25,"column":1}},"16":{"start":{"line":24,"column":4},"end":{"line":24,"column":13}},"17":{"start":{"line":26,"column":0},"end":{"line":28,"column":1}},"18":{"start":{"line":27,"column":4},"end":{"line":27,"column":13}},"19":{"start":{"line":29,"column":0},"end":{"line":31,"column":1}},"20":{"start":{"line":30,"column":4},"end":{"line":30,"column":13}},"21":{"start":{"line":32,"column":0},"end":{"line":34,"column":1}},"22":{"start":{"line":33,"column":4},"end":{"line":33,"column":13}},"23":{"start":{"line":35,"column":0},"end":{"line":37,"column":1}},"24":{"start":{"line":36,"column":4},"end":{"line":36,"column":13}},"25":{"start":{"line":41,"column":0},"end":{"line":41,"column":55}},"26":{"start":{"line":41,"column":28},"end":{"line":41,"column":54}},"27":{"start":{"line":42,"column":0},"end":{"line":42,"column":57}},"28":{"start":{"line":42,"column":30},"end":{"line":42,"column":56}},"29":{"start":{"line":43,"column":0},"end":{"line":43,"column":63}},"30":{"start":{"line":43,"column":33},"end":{"line":43,"column":62}},"31":{"start":{"line":44,"column":0},"end":{"line":44,"column":59}},"32":{"start":{"line":44,"column":31},"end":{"line":44,"column":58}},"33":{"start":{"line":45,"column":0},"end":{"line":45,"column":73}},"34":{"start":{"line":45,"column":38},"end":{"line":45,"column":72}},"35":{"start":{"line":46,"column":0},"end":{"line":46,"column":55}},"36":{"start":{"line":46,"column":29},"end":{"line":46,"column":54}},"37":{"start":{"line":47,"column":0},"end":{"line":47,"column":57}},"38":{"start":{"line":47,"column":30},"end":{"line":47,"column":56}},"39":{"start":{"line":48,"column":0},"end":{"line":48,"column":67}},"40":{"start":{"line":48,"column":35},"end":{"line":48,"column":66}},"41":{"start":{"line":49,"column":0},"end":{"line":49,"column":65}},"42":{"start":{"line":49,"column":34},"end":{"line":49,"column":64}},"43":{"start":{"line":50,"column":0},"end":{"line":50,"column":57}},"44":{"start":{"line":50,"column":30},"end":{"line":50,"column":56}},"45":{"start":{"line":51,"column":0},"end":{"line":51,"column":53}},"46":{"start":{"line":51,"column":28},"end":{"line":51,"column":52}},"47":{"start":{"line":54,"column":0},"end":{"line":54,"column":171}}},"branchMap":{}}}