TN:
SF:/Users/timothywalters/Documents/GitHub/SD-Manager/functions/index.js
FNF:0
FNH:0
DA:7,1
DA:8,1
DA:9,1
DA:10,1
DA:12,1
DA:14,0
DA:15,0
DA:18,0
DA:19,0
DA:20,0
DA:23,0
LF:11
LH:5
BRF:0
BRH:0
end_of_record
TN:
SF:/Users/timothywalters/Documents/GitHub/SD-Manager/functions/signup.js
FN:69,createNewUser
FN:89,setUserClaimObject
FN:116,createUserDocObject
FN:132,writeToUserDocument
FNF:4
FNH:0
FNDA:0,createNewUser
FNDA:0,setUserClaimObject
FNDA:0,createUserDocObject
FNDA:0,writeToUserDocument
DA:7,1
DA:8,1
DA:9,1
DA:10,1
DA:13,1
DA:15,0
DA:16,0
DA:17,0
DA:18,0
DA:19,0
DA:21,0
DA:23,0
DA:24,0
DA:33,1
DA:35,0
DA:36,0
DA:37,0
DA:38,0
DA:39,0
DA:41,0
DA:43,0
DA:51,0
DA:57,0
DA:69,1
DA:70,0
DA:80,0
DA:89,1
DA:90,0
DA:95,0
DA:96,0
DA:97,0
DA:98,0
DA:99,0
DA:100,0
DA:102,0
DA:105,0
DA:116,1
DA:117,0
DA:123,0
DA:132,1
DA:133,0
LF:41
LH:10
BRDA:95,1,0,0
BRDA:95,1,1,0
BRDA:97,2,0,0
BRDA:97,2,1,0
BRDA:99,3,0,0
BRDA:99,3,1,0
BRF:6
BRH:0
end_of_record
TN:
SF:/Users/timothywalters/Documents/GitHub/SD-Manager/functions/docs.js
FNF:0
FNH:0
DA:6,1
DA:14,1
DA:15,0
DA:24,1
DA:25,0
DA:32,1
DA:33,0
DA:40,1
DA:41,0
DA:48,1
DA:49,0
LF:11
LH:6
BRF:0
BRH:0
end_of_record
TN:
SF:/Users/timothywalters/Documents/GitHub/SD-Manager/functions/errors.js
FN:41,createHttpErrorObject
FNF:1
FNH:0
FNDA:0,createHttpErrorObject
DA:6,1
DA:13,1
DA:14,0
DA:19,0
DA:22,1
DA:23,0
DA:26,1
DA:27,0
DA:33,0
DA:41,1
DA:42,0
LF:11
LH:5
BRF:0
BRH:0
end_of_record
TN:
SF:/Users/timothywalters/Documents/GitHub/SD-Manager/functions/projects.js
FN:162,addMemberDataToProject
FN:174,addMemberToProject
FN:188,addMemberToInvites
FN:202,addProjectInviteToUserDocument
FN:232,addProjectDataToUserDocument
FN:244,addProjectToUserDocument
FN:272,createProjectDocument
FN:282,createProjectMemberObject
FN:296,deleteInviteFromProjectDocument
FN:306,deleteInviteFromUserDocument
FN:316,getInviteFromProjectDocument
FN:326,getInviteFromUserDocument
FN:334,getProjectDocument
FN:342,getUserProjects
FNF:14
FNH:0
FNDA:0,addMemberDataToProject
FNDA:0,addMemberToProject
FNDA:0,addMemberToInvites
FNDA:0,addProjectInviteToUserDocument
FNDA:0,addProjectDataToUserDocument
FNDA:0,addProjectToUserDocument
FNDA:0,createProjectDocument
FNDA:0,createProjectMemberObject
FNDA:0,deleteInviteFromProjectDocument
FNDA:0,deleteInviteFromUserDocument
FNDA:0,getInviteFromProjectDocument
FNDA:0,getInviteFromUserDocument
FNDA:0,getProjectDocument
FNDA:0,getUserProjects
DA:6,1
DA:7,1
DA:8,1
DA:9,1
DA:10,1
DA:14,1
DA:15,0
DA:16,0
DA:18,0
DA:20,0
DA:21,0
DA:24,0
DA:25,0
DA:28,0
DA:31,0
DA:32,0
DA:35,0
DA:36,0
DA:39,0
DA:48,1
DA:49,0
DA:50,0
DA:51,0
DA:52,0
DA:54,0
DA:57,0
DA:58,0
DA:59,0
DA:68,0
DA:71,0
DA:72,0
DA:81,0
DA:90,1
DA:91,0
DA:92,0
DA:93,0
DA:95,0
DA:99,0
DA:101,0
DA:103,0
DA:104,0
DA:105,0
DA:114,0
DA:117,0
DA:118,0
DA:127,0
DA:134,1
DA:135,0
DA:137,0
DA:139,0
DA:140,0
DA:141,0
DA:142,0
DA:146,0
DA:148,0
DA:162,1
DA:163,0
DA:174,1
DA:175,0
DA:177,0
DA:188,1
DA:189,0
DA:191,0
DA:202,1
DA:209,0
DA:215,0
DA:218,0
DA:232,1
DA:233,0
DA:244,1
DA:251,0
DA:257,0
DA:260,0
DA:272,1
DA:273,0
DA:282,1
DA:283,0
DA:296,1
DA:297,0
DA:306,1
DA:307,0
DA:316,1
DA:317,0
DA:326,1
DA:327,0
DA:334,1
DA:335,0
DA:342,1
DA:343,0
LF:89
LH:23
BRDA:20,1,0,0
BRDA:20,1,1,0
BRDA:31,2,0,0
BRDA:31,2,1,0
BRF:4
BRH:0
end_of_record
TN:
SF:/Users/timothywalters/Documents/GitHub/SD-Manager/functions/auth.js
FNF:0
FNH:0
DA:6,1
DA:13,1
DA:14,0
DA:22,1
DA:23,0
DA:32,1
DA:33,0
DA:41,1
DA:42,0
LF:9
LH:5
BRF:0
BRH:0
end_of_record
TN:
SF:/Users/timothywalters/Documents/GitHub/SD-Manager/functions/userstories.js
FN:34,createUserStoryDataObject
FN:49,createNewUserStoryDocument
FNF:2
FNH:0
FNDA:0,createUserStoryDataObject
FNDA:0,createNewUserStoryDocument
DA:6,1
DA:7,1
DA:8,1
DA:9,1
DA:14,1
DA:15,0
DA:16,0
DA:17,0
DA:18,0
DA:20,0
DA:22,0
DA:23,0
DA:34,1
DA:35,0
DA:49,1
DA:50,0
LF:16
LH:7
BRF:0
BRH:0
end_of_record
