TN:
SF:/Users/timothywalters/Documents/GitHub/SD-Manager/functions/firebase/index.test.js
FNF:0
FNH:0
DA:1,1
DA:2,1
DA:3,1
DA:4,1
DA:6,1
DA:10,1
DA:11,1
DA:13,1
DA:14,1
DA:16,1
DA:21,1
DA:22,1
DA:24,1
DA:25,1
DA:40,1
DA:41,1
DA:43,1
DA:46,1
DA:47,1
DA:48,1
DA:51,1
DA:52,1
DA:53,1
DA:57,1
DA:60,1
DA:63,1
DA:66,1
DA:69,1
DA:72,1
DA:75,1
DA:78,1
DA:81,1
DA:86,1
DA:88,1
DA:90,1
DA:93,1
DA:95,1
DA:98,1
DA:101,1
DA:104,1
DA:107,1
DA:110,1
DA:113,1
DA:116,1
DA:119,1
DA:122,1
DA:125,1
DA:128,1
DA:131,1
DA:134,1
DA:137,1
DA:142,1
DA:143,1
DA:145,1
DA:148,1
DA:150,1
DA:153,1
DA:156,1
DA:159,1
DA:162,1
DA:165,1
DA:168,1
DA:171,1
DA:174,1
DA:177,1
DA:180,1
DA:183,1
DA:186,1
DA:189,1
DA:192,1
DA:197,1
DA:198,1
DA:200,1
DA:203,1
DA:205,1
DA:208,1
DA:211,1
DA:214,1
DA:217,1
DA:220,1
DA:223,1
DA:226,1
DA:229,1
DA:232,1
DA:235,1
DA:238,1
DA:241,1
DA:244,1
DA:247,1
LF:89
LH:89
BRDA:57,1,0,0
BRDA:57,1,1,1
BRDA:60,2,0,0
BRDA:60,2,1,1
BRDA:63,3,0,0
BRDA:63,3,1,1
BRDA:66,4,0,0
BRDA:66,4,1,1
BRDA:69,5,0,0
BRDA:69,5,1,1
BRDA:72,6,0,0
BRDA:72,6,1,1
BRDA:75,7,0,0
BRDA:75,7,1,1
BRDA:78,8,0,0
BRDA:78,8,1,1
BRDA:81,9,0,0
BRDA:81,9,1,1
BRDA:98,10,0,0
BRDA:98,10,1,1
BRDA:101,11,0,0
BRDA:101,11,1,1
BRDA:104,12,0,0
BRDA:104,12,1,1
BRDA:107,13,0,0
BRDA:107,13,1,1
BRDA:110,14,0,0
BRDA:110,14,1,1
BRDA:113,15,0,0
BRDA:113,15,1,1
BRDA:116,16,0,0
BRDA:116,16,1,1
BRDA:119,17,0,0
BRDA:119,17,1,1
BRDA:122,18,0,0
BRDA:122,18,1,1
BRDA:125,19,0,0
BRDA:125,19,1,1
BRDA:128,20,0,0
BRDA:128,20,1,1
BRDA:131,21,0,0
BRDA:131,21,1,1
BRDA:134,22,0,0
BRDA:134,22,1,1
BRDA:137,23,0,0
BRDA:137,23,1,1
BRDA:153,24,0,0
BRDA:153,24,1,1
BRDA:156,25,0,0
BRDA:156,25,1,1
BRDA:159,26,0,0
BRDA:159,26,1,1
BRDA:162,27,0,0
BRDA:162,27,1,1
BRDA:165,28,0,0
BRDA:165,28,1,1
BRDA:168,29,0,0
BRDA:168,29,1,1
BRDA:171,30,0,0
BRDA:171,30,1,1
BRDA:174,31,0,0
BRDA:174,31,1,1
BRDA:177,32,0,0
BRDA:177,32,1,1
BRDA:180,33,0,0
BRDA:180,33,1,1
BRDA:183,34,0,0
BRDA:183,34,1,1
BRDA:186,35,0,0
BRDA:186,35,1,1
BRDA:189,36,0,0
BRDA:189,36,1,1
BRDA:192,37,0,0
BRDA:192,37,1,1
BRDA:208,38,0,0
BRDA:208,38,1,1
BRDA:211,39,0,0
BRDA:211,39,1,1
BRDA:214,40,0,0
BRDA:214,40,1,1
BRDA:217,41,0,0
BRDA:217,41,1,1
BRDA:220,42,0,0
BRDA:220,42,1,1
BRDA:223,43,0,0
BRDA:223,43,1,1
BRDA:226,44,0,0
BRDA:226,44,1,1
BRDA:229,45,0,0
BRDA:229,45,1,1
BRDA:232,46,0,0
BRDA:232,46,1,1
BRDA:235,47,0,0
BRDA:235,47,1,1
BRDA:238,48,0,0
BRDA:238,48,1,1
BRDA:241,49,0,0
BRDA:241,49,1,1
BRDA:244,50,0,0
BRDA:244,50,1,1
BRDA:247,51,0,0
BRDA:247,51,1,1
BRF:102
BRH:51
end_of_record
TN:
SF:/Users/timothywalters/Documents/GitHub/SD-Manager/functions/firebase/tests.js
FN:4,signInTest
FN:8,createUser
FN:11,createProject
FN:14,getProjects
FN:17,addMemberToProject
FN:20,addSprint
FN:23,getSprints
FN:26,createUserStory
FN:29,getUserStories
FN:32,createTask
FN:35,getTasks
FNF:11
FNH:11
FNDA:1,signInTest
FNDA:1,createUser
FNDA:2,createProject
FNDA:1,getProjects
FNDA:1,addMemberToProject
FNDA:1,addSprint
FNDA:1,getSprints
FNDA:1,createUserStory
FNDA:1,getUserStories
FNDA:1,createTask
FNDA:1,getTasks
DA:1,1
DA:2,1
DA:4,1
DA:5,1
DA:8,1
DA:9,1
DA:11,1
DA:12,2
DA:14,1
DA:15,1
DA:17,1
DA:18,1
DA:20,1
DA:21,1
DA:23,1
DA:24,1
DA:26,1
DA:27,1
DA:29,1
DA:30,1
DA:32,1
DA:33,1
DA:35,1
DA:36,1
DA:41,1
DA:42,1
DA:43,2
DA:44,1
DA:45,1
DA:46,1
DA:47,1
DA:48,1
DA:49,1
DA:50,1
DA:51,1
DA:54,1
LF:36
LH:36
BRF:0
BRH:0
end_of_record
