{"/Users/timothywalters/Documents/GitHub/SD-Manager/testingCode/embeddedFunctions.test.js":{"path":"/Users/timothywalters/Documents/GitHub/SD-Manager/testingCode/embeddedFunctions.test.js","s":{"1":1,"2":1,"3":1,"4":1,"5":1,"6":1,"7":1,"8":1,"9":1,"10":1,"11":1,"12":1,"13":1,"14":1,"15":1,"16":1,"17":1,"18":1,"19":1,"20":1,"21":1,"22":1,"23":1,"24":1,"25":1,"26":1,"27":1,"28":1,"29":1,"30":1,"31":1,"32":1,"33":1,"34":1,"35":1,"36":1,"37":1,"38":1,"39":1,"40":1,"41":1,"42":1,"43":1,"44":1,"45":1,"46":1,"47":1,"48":1,"49":1,"50":1,"51":1,"52":1,"53":1,"54":1,"55":1,"56":1,"57":1,"58":1,"59":1,"60":1,"61":1,"62":1,"63":1,"64":1,"65":1,"66":1,"67":1,"68":1,"69":1,"70":1,"71":1,"72":1,"73":1,"74":1,"75":1,"76":1,"77":1,"78":1,"79":1,"80":1,"81":1,"82":1,"83":1,"84":1,"85":1,"86":1,"87":1,"88":1,"89":1,"90":1,"91":1,"92":1,"93":1,"94":1,"95":1,"96":1,"97":1,"98":1,"99":1,"100":1,"101":1,"102":1,"103":1,"104":1,"105":1,"106":1,"107":1,"108":1,"109":1,"110":1,"111":1,"112":1,"113":1,"114":1,"115":1,"116":1,"117":1,"118":1,"119":1,"120":1,"121":1,"122":1,"123":1,"124":1,"125":1},"b":{},"f":{},"fnMap":{},"statementMap":{"1":{"start":{"line":2,"column":0},"end":{"line":2,"column":218}},"2":{"start":{"line":5,"column":0},"end":{"line":5,"column":39}},"3":{"start":{"line":6,"column":0},"end":{"line":6,"column":43}},"4":{"start":{"line":7,"column":0},"end":{"line":7,"column":43}},"5":{"start":{"line":8,"column":0},"end":{"line":8,"column":37}},"6":{"start":{"line":9,"column":0},"end":{"line":9,"column":31}},"7":{"start":{"line":10,"column":0},"end":{"line":10,"column":33}},"8":{"start":{"line":11,"column":0},"end":{"line":11,"column":21}},"9":{"start":{"line":14,"column":0},"end":{"line":201,"column":3}},"10":{"start":{"line":16,"column":4},"end":{"line":20,"column":7}},"11":{"start":{"line":17,"column":8},"end":{"line":17,"column":42}},"12":{"start":{"line":18,"column":8},"end":{"line":18,"column":53}},"13":{"start":{"line":19,"column":8},"end":{"line":19,"column":37}},"14":{"start":{"line":22,"column":4},"end":{"line":27,"column":7}},"15":{"start":{"line":24,"column":8},"end":{"line":24,"column":42}},"16":{"start":{"line":25,"column":8},"end":{"line":25,"column":53}},"17":{"start":{"line":26,"column":8},"end":{"line":26,"column":38}},"18":{"start":{"line":29,"column":4},"end":{"line":32,"column":7}},"19":{"start":{"line":30,"column":8},"end":{"line":30,"column":47}},"20":{"start":{"line":31,"column":8},"end":{"line":31,"column":37}},"21":{"start":{"line":34,"column":4},"end":{"line":37,"column":7}},"22":{"start":{"line":35,"column":8},"end":{"line":35,"column":52}},"23":{"start":{"line":36,"column":8},"end":{"line":36,"column":37}},"24":{"start":{"line":39,"column":4},"end":{"line":42,"column":7}},"25":{"start":{"line":40,"column":8},"end":{"line":40,"column":43}},"26":{"start":{"line":41,"column":8},"end":{"line":41,"column":38}},"27":{"start":{"line":44,"column":4},"end":{"line":47,"column":7}},"28":{"start":{"line":45,"column":8},"end":{"line":45,"column":44}},"29":{"start":{"line":46,"column":8},"end":{"line":46,"column":38}},"30":{"start":{"line":48,"column":4},"end":{"line":51,"column":7}},"31":{"start":{"line":49,"column":8},"end":{"line":49,"column":42}},"32":{"start":{"line":50,"column":8},"end":{"line":50,"column":38}},"33":{"start":{"line":53,"column":4},"end":{"line":56,"column":7}},"34":{"start":{"line":54,"column":8},"end":{"line":54,"column":47}},"35":{"start":{"line":55,"column":8},"end":{"line":55,"column":38}},"36":{"start":{"line":58,"column":4},"end":{"line":61,"column":7}},"37":{"start":{"line":59,"column":8},"end":{"line":59,"column":38}},"38":{"start":{"line":60,"column":8},"end":{"line":60,"column":38}},"39":{"start":{"line":63,"column":4},"end":{"line":66,"column":7}},"40":{"start":{"line":64,"column":8},"end":{"line":64,"column":39}},"41":{"start":{"line":65,"column":8},"end":{"line":65,"column":38}},"42":{"start":{"line":67,"column":4},"end":{"line":70,"column":7}},"43":{"start":{"line":68,"column":8},"end":{"line":68,"column":53}},"44":{"start":{"line":69,"column":8},"end":{"line":69,"column":37}},"45":{"start":{"line":72,"column":4},"end":{"line":75,"column":7}},"46":{"start":{"line":73,"column":8},"end":{"line":73,"column":55}},"47":{"start":{"line":74,"column":8},"end":{"line":74,"column":38}},"48":{"start":{"line":76,"column":4},"end":{"line":79,"column":7}},"49":{"start":{"line":77,"column":8},"end":{"line":77,"column":48}},"50":{"start":{"line":78,"column":8},"end":{"line":78,"column":37}},"51":{"start":{"line":81,"column":4},"end":{"line":84,"column":7}},"52":{"start":{"line":82,"column":8},"end":{"line":82,"column":38}},"53":{"start":{"line":83,"column":8},"end":{"line":83,"column":38}},"54":{"start":{"line":86,"column":4},"end":{"line":89,"column":7}},"55":{"start":{"line":87,"column":8},"end":{"line":87,"column":40}},"56":{"start":{"line":88,"column":8},"end":{"line":88,"column":37}},"57":{"start":{"line":90,"column":4},"end":{"line":93,"column":7}},"58":{"start":{"line":91,"column":8},"end":{"line":91,"column":50}},"59":{"start":{"line":92,"column":8},"end":{"line":92,"column":38}},"60":{"start":{"line":95,"column":4},"end":{"line":98,"column":7}},"61":{"start":{"line":96,"column":8},"end":{"line":96,"column":40}},"62":{"start":{"line":97,"column":8},"end":{"line":97,"column":38}},"63":{"start":{"line":100,"column":4},"end":{"line":103,"column":7}},"64":{"start":{"line":101,"column":8},"end":{"line":101,"column":42}},"65":{"start":{"line":102,"column":8},"end":{"line":102,"column":38}},"66":{"start":{"line":105,"column":4},"end":{"line":108,"column":7}},"67":{"start":{"line":106,"column":8},"end":{"line":106,"column":54}},"68":{"start":{"line":107,"column":8},"end":{"line":107,"column":38}},"69":{"start":{"line":110,"column":4},"end":{"line":113,"column":7}},"70":{"start":{"line":111,"column":8},"end":{"line":111,"column":106}},"71":{"start":{"line":112,"column":8},"end":{"line":112,"column":37}},"72":{"start":{"line":115,"column":4},"end":{"line":118,"column":7}},"73":{"start":{"line":116,"column":8},"end":{"line":116,"column":102}},"74":{"start":{"line":117,"column":8},"end":{"line":117,"column":38}},"75":{"start":{"line":120,"column":4},"end":{"line":123,"column":7}},"76":{"start":{"line":121,"column":8},"end":{"line":121,"column":72}},"77":{"start":{"line":122,"column":8},"end":{"line":122,"column":38}},"78":{"start":{"line":125,"column":4},"end":{"line":128,"column":7}},"79":{"start":{"line":126,"column":8},"end":{"line":126,"column":43}},"80":{"start":{"line":127,"column":8},"end":{"line":127,"column":37}},"81":{"start":{"line":130,"column":4},"end":{"line":133,"column":7}},"82":{"start":{"line":131,"column":8},"end":{"line":131,"column":38}},"83":{"start":{"line":132,"column":8},"end":{"line":132,"column":38}},"84":{"start":{"line":135,"column":4},"end":{"line":138,"column":7}},"85":{"start":{"line":136,"column":8},"end":{"line":136,"column":50}},"86":{"start":{"line":137,"column":8},"end":{"line":137,"column":37}},"87":{"start":{"line":140,"column":4},"end":{"line":143,"column":7}},"88":{"start":{"line":141,"column":8},"end":{"line":141,"column":49}},"89":{"start":{"line":142,"column":8},"end":{"line":142,"column":37}},"90":{"start":{"line":145,"column":4},"end":{"line":148,"column":7}},"91":{"start":{"line":146,"column":8},"end":{"line":146,"column":49}},"92":{"start":{"line":147,"column":8},"end":{"line":147,"column":37}},"93":{"start":{"line":150,"column":4},"end":{"line":153,"column":7}},"94":{"start":{"line":151,"column":8},"end":{"line":151,"column":46}},"95":{"start":{"line":152,"column":8},"end":{"line":152,"column":38}},"96":{"start":{"line":155,"column":4},"end":{"line":158,"column":7}},"97":{"start":{"line":156,"column":8},"end":{"line":156,"column":47}},"98":{"start":{"line":157,"column":8},"end":{"line":157,"column":38}},"99":{"start":{"line":160,"column":4},"end":{"line":163,"column":7}},"100":{"start":{"line":161,"column":8},"end":{"line":161,"column":41}},"101":{"start":{"line":162,"column":8},"end":{"line":162,"column":38}},"102":{"start":{"line":165,"column":4},"end":{"line":168,"column":7}},"103":{"start":{"line":166,"column":8},"end":{"line":166,"column":40}},"104":{"start":{"line":167,"column":8},"end":{"line":167,"column":38}},"105":{"start":{"line":169,"column":4},"end":{"line":172,"column":7}},"106":{"start":{"line":170,"column":8},"end":{"line":170,"column":45}},"107":{"start":{"line":171,"column":8},"end":{"line":171,"column":38}},"108":{"start":{"line":173,"column":4},"end":{"line":176,"column":7}},"109":{"start":{"line":174,"column":8},"end":{"line":174,"column":43}},"110":{"start":{"line":175,"column":8},"end":{"line":175,"column":37}},"111":{"start":{"line":178,"column":4},"end":{"line":181,"column":7}},"112":{"start":{"line":179,"column":8},"end":{"line":179,"column":42}},"113":{"start":{"line":180,"column":8},"end":{"line":180,"column":38}},"114":{"start":{"line":182,"column":4},"end":{"line":185,"column":7}},"115":{"start":{"line":183,"column":8},"end":{"line":183,"column":44}},"116":{"start":{"line":184,"column":8},"end":{"line":184,"column":38}},"117":{"start":{"line":187,"column":4},"end":{"line":190,"column":7}},"118":{"start":{"line":188,"column":8},"end":{"line":188,"column":46}},"119":{"start":{"line":189,"column":8},"end":{"line":189,"column":38}},"120":{"start":{"line":192,"column":4},"end":{"line":195,"column":7}},"121":{"start":{"line":193,"column":8},"end":{"line":193,"column":48}},"122":{"start":{"line":194,"column":8},"end":{"line":194,"column":37}},"123":{"start":{"line":196,"column":4},"end":{"line":199,"column":7}},"124":{"start":{"line":197,"column":8},"end":{"line":197,"column":58}},"125":{"start":{"line":198,"column":8},"end":{"line":198,"column":38}}},"branchMap":{}},"/Users/timothywalters/Documents/GitHub/SD-Manager/testingCode/embeddedFunctions.js":{"path":"/Users/timothywalters/Documents/GitHub/SD-Manager/testingCode/embeddedFunctions.js","s":{"1":1,"2":2,"3":2,"4":1,"5":1,"6":1,"7":10,"8":5,"9":5,"10":1,"11":6,"12":1,"13":5,"14":1,"15":13,"16":4,"17":9,"18":1,"19":7,"20":1,"21":6,"22":1,"23":5,"24":5,"25":4,"26":2,"27":2,"28":2,"29":1,"30":1,"31":3,"32":3,"33":3,"34":2,"35":1,"36":1,"37":1,"38":1,"39":1,"40":1,"41":3,"42":1,"43":2,"44":1,"45":3,"46":1,"47":2,"48":1,"49":1},"b":{"1":[1,1],"2":[5,5],"3":[1,5],"4":[4,9],"5":[1,6],"6":[4,1],"7":[2,2],"8":[2,0],"9":[2,1],"10":[1,1],"11":[1,0],"12":[1,0],"13":[1,0],"14":[1,2],"15":[3,2],"16":[1,2],"17":[3,3,3,2,2,2,2],"18":[1,1],"19":[2,2]},"f":{},"fnMap":{},"statementMap":{"1":{"start":{"line":1,"column":0},"end":{"line":9,"column":1}},"2":{"start":{"line":2,"column":4},"end":{"line":2,"column":30}},"3":{"start":{"line":3,"column":4},"end":{"line":8,"column":5}},"4":{"start":{"line":4,"column":8},"end":{"line":4,"column":20}},"5":{"start":{"line":7,"column":8},"end":{"line":7,"column":21}},"6":{"start":{"line":11,"column":0},"end":{"line":18,"column":1}},"7":{"start":{"line":12,"column":4},"end":{"line":17,"column":5}},"8":{"start":{"line":13,"column":8},"end":{"line":13,"column":21}},"9":{"start":{"line":16,"column":8},"end":{"line":16,"column":20}},"10":{"start":{"line":20,"column":0},"end":{"line":28,"column":1}},"11":{"start":{"line":21,"column":4},"end":{"line":26,"column":5}},"12":{"start":{"line":22,"column":8},"end":{"line":22,"column":20}},"13":{"start":{"line":25,"column":8},"end":{"line":25,"column":21}},"14":{"start":{"line":30,"column":0},"end":{"line":38,"column":1}},"15":{"start":{"line":31,"column":4},"end":{"line":36,"column":5}},"16":{"start":{"line":32,"column":8},"end":{"line":32,"column":21}},"17":{"start":{"line":35,"column":8},"end":{"line":35,"column":20}},"18":{"start":{"line":40,"column":0},"end":{"line":48,"column":1}},"19":{"start":{"line":41,"column":4},"end":{"line":46,"column":5}},"20":{"start":{"line":42,"column":8},"end":{"line":42,"column":20}},"21":{"start":{"line":45,"column":8},"end":{"line":45,"column":21}},"22":{"start":{"line":50,"column":0},"end":{"line":65,"column":1}},"23":{"start":{"line":51,"column":4},"end":{"line":51,"column":32}},"24":{"start":{"line":52,"column":4},"end":{"line":64,"column":5}},"25":{"start":{"line":53,"column":8},"end":{"line":60,"column":9}},"26":{"start":{"line":54,"column":12},"end":{"line":56,"column":13}},"27":{"start":{"line":55,"column":16},"end":{"line":55,"column":27}},"28":{"start":{"line":59,"column":12},"end":{"line":59,"column":25}},"29":{"start":{"line":63,"column":8},"end":{"line":63,"column":21}},"30":{"start":{"line":67,"column":0},"end":{"line":84,"column":1}},"31":{"start":{"line":68,"column":4},"end":{"line":68,"column":32}},"32":{"start":{"line":69,"column":4},"end":{"line":69,"column":69}},"33":{"start":{"line":70,"column":4},"end":{"line":83,"column":5}},"34":{"start":{"line":71,"column":8},"end":{"line":79,"column":9}},"35":{"start":{"line":72,"column":12},"end":{"line":74,"column":13}},"36":{"start":{"line":73,"column":16},"end":{"line":73,"column":27}},"37":{"start":{"line":78,"column":12},"end":{"line":78,"column":25}},"38":{"start":{"line":81,"column":9},"end":{"line":83,"column":5}},"39":{"start":{"line":82,"column":8},"end":{"line":82,"column":21}},"40":{"start":{"line":86,"column":0},"end":{"line":93,"column":1}},"41":{"start":{"line":87,"column":4},"end":{"line":92,"column":5}},"42":{"start":{"line":88,"column":8},"end":{"line":88,"column":20}},"43":{"start":{"line":91,"column":8},"end":{"line":91,"column":21}},"44":{"start":{"line":95,"column":0},"end":{"line":105,"column":1}},"45":{"start":{"line":96,"column":4},"end":{"line":104,"column":5}},"46":{"start":{"line":97,"column":8},"end":{"line":97,"column":21}},"47":{"start":{"line":99,"column":9},"end":{"line":104,"column":5}},"48":{"start":{"line":100,"column":8},"end":{"line":100,"column":21}},"49":{"start":{"line":103,"column":8},"end":{"line":103,"column":19}}},"branchMap":{"1":{"line":3,"type":"if","locations":[{"start":{"line":3,"column":4},"end":{"line":3,"column":4}},{"start":{"line":3,"column":4},"end":{"line":3,"column":4}}]},"2":{"line":12,"type":"if","locations":[{"start":{"line":12,"column":4},"end":{"line":12,"column":4}},{"start":{"line":12,"column":4},"end":{"line":12,"column":4}}]},"3":{"line":21,"type":"if","locations":[{"start":{"line":21,"column":4},"end":{"line":21,"column":4}},{"start":{"line":21,"column":4},"end":{"line":21,"column":4}}]},"4":{"line":31,"type":"if","locations":[{"start":{"line":31,"column":4},"end":{"line":31,"column":4}},{"start":{"line":31,"column":4},"end":{"line":31,"column":4}}]},"5":{"line":41,"type":"if","locations":[{"start":{"line":41,"column":4},"end":{"line":41,"column":4}},{"start":{"line":41,"column":4},"end":{"line":41,"column":4}}]},"6":{"line":52,"type":"if","locations":[{"start":{"line":52,"column":4},"end":{"line":52,"column":4}},{"start":{"line":52,"column":4},"end":{"line":52,"column":4}}]},"7":{"line":53,"type":"if","locations":[{"start":{"line":53,"column":8},"end":{"line":53,"column":8}},{"start":{"line":53,"column":8},"end":{"line":53,"column":8}}]},"8":{"line":54,"type":"if","locations":[{"start":{"line":54,"column":12},"end":{"line":54,"column":12}},{"start":{"line":54,"column":12},"end":{"line":54,"column":12}}]},"9":{"line":70,"type":"if","locations":[{"start":{"line":70,"column":4},"end":{"line":70,"column":4}},{"start":{"line":70,"column":4},"end":{"line":70,"column":4}}]},"10":{"line":71,"type":"if","locations":[{"start":{"line":71,"column":8},"end":{"line":71,"column":8}},{"start":{"line":71,"column":8},"end":{"line":71,"column":8}}]},"11":{"line":72,"type":"if","locations":[{"start":{"line":72,"column":12},"end":{"line":72,"column":12}},{"start":{"line":72,"column":12},"end":{"line":72,"column":12}}]},"12":{"line":72,"type":"binary-expr","locations":[{"start":{"line":72,"column":16},"end":{"line":72,"column":41}},{"start":{"line":72,"column":45},"end":{"line":72,"column":73}}]},"13":{"line":81,"type":"if","locations":[{"start":{"line":81,"column":9},"end":{"line":81,"column":9}},{"start":{"line":81,"column":9},"end":{"line":81,"column":9}}]},"14":{"line":87,"type":"if","locations":[{"start":{"line":87,"column":4},"end":{"line":87,"column":4}},{"start":{"line":87,"column":4},"end":{"line":87,"column":4}}]},"15":{"line":87,"type":"binary-expr","locations":[{"start":{"line":87,"column":8},"end":{"line":87,"column":17}},{"start":{"line":87,"column":21},"end":{"line":87,"column":32}}]},"16":{"line":96,"type":"if","locations":[{"start":{"line":96,"column":4},"end":{"line":96,"column":4}},{"start":{"line":96,"column":4},"end":{"line":96,"column":4}}]},"17":{"line":96,"type":"binary-expr","locations":[{"start":{"line":96,"column":8},"end":{"line":96,"column":30}},{"start":{"line":96,"column":34},"end":{"line":96,"column":56}},{"start":{"line":96,"column":60},"end":{"line":96,"column":82}},{"start":{"line":96,"column":86},"end":{"line":96,"column":108}},{"start":{"line":96,"column":112},"end":{"line":96,"column":135}},{"start":{"line":96,"column":139},"end":{"line":96,"column":162}},{"start":{"line":96,"column":166},"end":{"line":96,"column":188}}]},"18":{"line":99,"type":"if","locations":[{"start":{"line":99,"column":9},"end":{"line":99,"column":9}},{"start":{"line":99,"column":9},"end":{"line":99,"column":9}}]},"19":{"line":99,"type":"binary-expr","locations":[{"start":{"line":99,"column":12},"end":{"line":99,"column":24}},{"start":{"line":99,"column":28},"end":{"line":99,"column":39}}]}}}}