{"/Users/timothywalters/Documents/GitHub/SD-Manager/testingCode/embeddedFunctions.js":{"path":"/Users/timothywalters/Documents/GitHub/SD-Manager/testingCode/embeddedFunctions.js","s":{"1":1,"2":2,"3":2,"4":1,"5":1,"6":1,"7":4,"8":2,"9":2,"10":1,"11":6,"12":1,"13":5,"14":1,"15":3,"16":1,"17":2},"b":{"1":[1,1],"2":[2,2],"3":[1,5],"4":[1,2]},"f":{},"fnMap":{},"statementMap":{"1":{"start":{"line":1,"column":0},"end":{"line":9,"column":1}},"2":{"start":{"line":2,"column":4},"end":{"line":2,"column":30}},"3":{"start":{"line":3,"column":4},"end":{"line":8,"column":5}},"4":{"start":{"line":4,"column":8},"end":{"line":4,"column":20}},"5":{"start":{"line":7,"column":8},"end":{"line":7,"column":21}},"6":{"start":{"line":11,"column":0},"end":{"line":18,"column":1}},"7":{"start":{"line":12,"column":4},"end":{"line":17,"column":5}},"8":{"start":{"line":13,"column":8},"end":{"line":13,"column":21}},"9":{"start":{"line":16,"column":8},"end":{"line":16,"column":20}},"10":{"start":{"line":20,"column":0},"end":{"line":28,"column":1}},"11":{"start":{"line":21,"column":4},"end":{"line":26,"column":5}},"12":{"start":{"line":22,"column":8},"end":{"line":22,"column":20}},"13":{"start":{"line":25,"column":8},"end":{"line":25,"column":21}},"14":{"start":{"line":30,"column":0},"end":{"line":38,"column":1}},"15":{"start":{"line":31,"column":4},"end":{"line":36,"column":5}},"16":{"start":{"line":32,"column":8},"end":{"line":32,"column":21}},"17":{"start":{"line":35,"column":8},"end":{"line":35,"column":20}}},"branchMap":{"1":{"line":3,"type":"if","locations":[{"start":{"line":3,"column":4},"end":{"line":3,"column":4}},{"start":{"line":3,"column":4},"end":{"line":3,"column":4}}]},"2":{"line":12,"type":"if","locations":[{"start":{"line":12,"column":4},"end":{"line":12,"column":4}},{"start":{"line":12,"column":4},"end":{"line":12,"column":4}}]},"3":{"line":21,"type":"if","locations":[{"start":{"line":21,"column":4},"end":{"line":21,"column":4}},{"start":{"line":21,"column":4},"end":{"line":21,"column":4}}]},"4":{"line":31,"type":"if","locations":[{"start":{"line":31,"column":4},"end":{"line":31,"column":4}},{"start":{"line":31,"column":4},"end":{"line":31,"column":4}}]}}}}