TN:
SF:/Users/timothywalters/Documents/GitHub/SD-Manager/testingCode/embeddedFunctions.test.js
FNF:0
FNH:0
DA:2,1
DA:5,1
DA:6,1
DA:7,1
DA:8,1
DA:9,1
DA:10,1
DA:11,1
DA:14,1
DA:16,1
DA:17,1
DA:18,1
DA:19,1
DA:22,1
DA:24,1
DA:25,1
DA:26,1
DA:29,1
DA:30,1
DA:31,1
DA:34,1
DA:35,1
DA:36,1
DA:39,1
DA:40,1
DA:41,1
DA:44,1
DA:45,1
DA:46,1
DA:48,1
DA:49,1
DA:50,1
DA:53,1
DA:54,1
DA:55,1
DA:58,1
DA:59,1
DA:60,1
DA:63,1
DA:64,1
DA:65,1
DA:67,1
DA:68,1
DA:69,1
DA:72,1
DA:73,1
DA:74,1
DA:76,1
DA:77,1
DA:78,1
DA:81,1
DA:82,1
DA:83,1
DA:86,1
DA:87,1
DA:88,1
DA:90,1
DA:91,1
DA:92,1
DA:95,1
DA:96,1
DA:97,1
DA:100,1
DA:101,1
DA:102,1
DA:105,1
DA:106,1
DA:107,1
DA:110,1
DA:111,1
DA:112,1
DA:115,1
DA:116,1
DA:117,1
DA:120,1
DA:121,1
DA:122,1
DA:125,1
DA:126,1
DA:127,1
DA:130,1
DA:131,1
DA:132,1
DA:135,1
DA:136,1
DA:137,1
DA:140,1
DA:141,1
DA:142,1
DA:145,1
DA:146,1
DA:147,1
DA:150,1
DA:151,1
DA:152,1
DA:155,1
DA:156,1
DA:157,1
DA:160,1
DA:161,1
DA:162,1
DA:165,1
DA:166,1
DA:167,1
DA:169,1
DA:170,1
DA:171,1
DA:173,1
DA:174,1
DA:175,1
DA:178,1
DA:179,1
DA:180,1
DA:182,1
DA:183,1
DA:184,1
DA:187,1
DA:188,1
DA:189,1
DA:192,1
DA:193,1
DA:194,1
DA:196,1
DA:197,1
DA:198,1
LF:125
LH:125
BRF:0
BRH:0
end_of_record
TN:
SF:/Users/timothywalters/Documents/GitHub/SD-Manager/testingCode/embeddedFunctions.js
FNF:0
FNH:0
DA:1,1
DA:2,2
DA:3,2
DA:4,1
DA:7,1
DA:11,1
DA:12,10
DA:13,5
DA:16,5
DA:20,1
DA:21,6
DA:22,1
DA:25,5
DA:30,1
DA:31,13
DA:32,4
DA:35,9
DA:40,1
DA:41,7
DA:42,1
DA:45,6
DA:50,1
DA:51,5
DA:52,5
DA:53,4
DA:54,2
DA:55,2
DA:59,2
DA:63,1
DA:67,1
DA:68,3
DA:69,3
DA:70,3
DA:71,2
DA:72,1
DA:73,1
DA:78,1
DA:81,1
DA:82,1
DA:86,1
DA:87,3
DA:88,1
DA:91,2
DA:95,1
DA:96,3
DA:97,1
DA:99,2
DA:100,1
DA:103,1
LF:49
LH:49
BRDA:3,1,0,1
BRDA:3,1,1,1
BRDA:12,2,0,5
BRDA:12,2,1,5
BRDA:21,3,0,1
BRDA:21,3,1,5
BRDA:31,4,0,4
BRDA:31,4,1,9
BRDA:41,5,0,1
BRDA:41,5,1,6
BRDA:52,6,0,4
BRDA:52,6,1,1
BRDA:53,7,0,2
BRDA:53,7,1,2
BRDA:54,8,0,2
BRDA:54,8,1,0
BRDA:70,9,0,2
BRDA:70,9,1,1
BRDA:71,10,0,1
BRDA:71,10,1,1
BRDA:72,11,0,1
BRDA:72,11,1,0
BRDA:72,12,0,1
BRDA:72,12,1,0
BRDA:81,13,0,1
BRDA:81,13,1,0
BRDA:87,14,0,1
BRDA:87,14,1,2
BRDA:87,15,0,3
BRDA:87,15,1,2
BRDA:96,16,0,1
BRDA:96,16,1,2
BRDA:96,17,0,3
BRDA:96,17,1,3
BRDA:96,17,2,3
BRDA:96,17,3,2
BRDA:96,17,4,2
BRDA:96,17,5,2
BRDA:96,17,6,2
BRDA:99,18,0,1
BRDA:99,18,1,1
BRDA:99,19,0,2
BRDA:99,19,1,2
BRF:43
BRH:39
end_of_record
