TN:
SF:/Users/timothywalters/Documents/GitHub/SD-Manager/testingCode/embeddedFunctions.js
FNF:0
FNH:0
DA:1,1
DA:2,2
DA:3,2
DA:4,1
DA:7,1
DA:11,1
DA:12,10
DA:13,5
DA:16,5
DA:20,1
DA:21,6
DA:22,1
DA:25,5
DA:30,1
DA:31,13
DA:32,4
DA:35,9
DA:40,1
DA:41,7
DA:42,1
DA:45,6
DA:50,1
DA:51,5
DA:52,5
DA:53,4
DA:54,2
DA:55,2
DA:59,2
DA:63,1
DA:67,1
DA:68,3
DA:69,3
DA:70,3
DA:71,2
DA:72,1
DA:73,1
DA:78,1
DA:81,1
DA:82,1
LF:39
LH:39
BRDA:3,1,0,1
BRDA:3,1,1,1
BRDA:12,2,0,5
BRDA:12,2,1,5
BRDA:21,3,0,1
BRDA:21,3,1,5
BRDA:31,4,0,4
BRDA:31,4,1,9
BRDA:41,5,0,1
BRDA:41,5,1,6
BRDA:52,6,0,4
BRDA:52,6,1,1
BRDA:53,7,0,2
BRDA:53,7,1,2
BRDA:54,8,0,2
BRDA:54,8,1,0
BRDA:70,9,0,2
BRDA:70,9,1,1
BRDA:71,10,0,1
BRDA:71,10,1,1
BRDA:72,11,0,1
BRDA:72,11,1,0
BRDA:72,12,0,1
BRDA:72,12,1,0
BRDA:81,13,0,1
BRDA:81,13,1,0
BRF:26
BRH:22
end_of_record
